<?xml version="1.0" encoding="UTF-8"?>
<testsuite xmlns:xsi="http://www.w3.org/2001/XMLSchema-instance" xsi:noNamespaceSchemaLocation="https://maven.apache.org/surefire/maven-surefire-plugin/xsd/surefire-test-report-3.0.xsd" version="3.0" name="TestSuite" time="24.587" tests="9" errors="0" skipped="0" failures="5">
  <properties>
[...]
</properties>
  <testcase name="runScenario[&quot;Verify dynamic table presence and content&quot;, &quot;Dynamic Table Verification&quot;](1)" classname="com.ist.testrunner.CucumberRunnerTest" time="6.142">
    <failure message="The step &apos;I am on the dynamic table page&apos; and 4 other step(s) are undefined.&#10;You can implement these steps using the snippet(s) below:&#10;&#10;@Given(&quot;I am on the dynamic table page&quot;)&#10;public void i_am_on_the_dynamic_table_page() {&#10;    // Write code here that turns the phrase above into concrete actions&#10;    throw new io.cucumber.java.PendingException();&#10;}&#10;@When(&quot;I check for the dynamic table&quot;)&#10;public void i_check_for_the_dynamic_table() {&#10;    // Write code here that turns the phrase above into concrete actions&#10;    throw new io.cucumber.java.PendingException();&#10;}&#10;@Then(&quot;the dynamic table should be displayed&quot;)&#10;public void the_dynamic_table_should_be_displayed() {&#10;    // Write code here that turns the phrase above into concrete actions&#10;    throw new io.cucumber.java.PendingException();&#10;}&#10;@Then(&quot;the table should have at least {int} rows and {int} columns&quot;)&#10;public void the_table_should_have_at_least_rows_and_columns(Integer int1, Integer int2) {&#10;    // Write code here that turns the phrase above into concrete actions&#10;    throw new io.cucumber.java.PendingException();&#10;}&#10;@Then(&quot;the table should contain the value {string}&quot;)&#10;public void the_table_should_contain_the_value(String string) {&#10;    // Write code here that turns the phrase above into concrete actions&#10;    throw new io.cucumber.java.PendingException();&#10;}&#10;" type="io.cucumber.testng.UndefinedStepException"><![CDATA[io.cucumber.testng.UndefinedStepException: 
The step 'I am on the dynamic table page' and 4 other step(s) are undefined.
You can implement these steps using the snippet(s) below:

@Given("I am on the dynamic table page")
public void i_am_on_the_dynamic_table_page() {
    // Write code here that turns the phrase above into concrete actions
    throw new io.cucumber.java.PendingException();
}
@When("I check for the dynamic table")
public void i_check_for_the_dynamic_table() {
    // Write code here that turns the phrase above into concrete actions
    throw new io.cucumber.java.PendingException();
}
@Then("the dynamic table should be displayed")
public void the_dynamic_table_should_be_displayed() {
    // Write code here that turns the phrase above into concrete actions
    throw new io.cucumber.java.PendingException();
}
@Then("the table should have at least {int} rows and {int} columns")
public void the_table_should_have_at_least_rows_and_columns(Integer int1, Integer int2) {
    // Write code here that turns the phrase above into concrete actions
    throw new io.cucumber.java.PendingException();
}
@Then("the table should contain the value {string}")
public void the_table_should_contain_the_value(String string) {
    // Write code here that turns the phrase above into concrete actions
    throw new io.cucumber.java.PendingException();
}

	at io.cucumber.core.runtime.TestCaseResultObserver.assertTestCasePassed(TestCaseResultObserver.java:69)
	at io.cucumber.testng.TestCaseResultObserver.assertTestCasePassed(TestCaseResultObserver.java:23)
	at io.cucumber.testng.TestNGCucumberRunner.lambda$runScenario$1(TestNGCucumberRunner.java:133)
	at io.cucumber.core.runtime.CucumberExecutionContext.lambda$runTestCase$5(CucumberExecutionContext.java:137)
	at io.cucumber.core.runtime.RethrowingThrowableCollector.executeAndThrow(RethrowingThrowableCollector.java:23)
	at io.cucumber.core.runtime.CucumberExecutionContext.runTestCase(CucumberExecutionContext.java:137)
	at io.cucumber.testng.TestNGCucumberRunner.runScenario(TestNGCucumberRunner.java:129)
	at io.cucumber.testng.AbstractTestNGCucumberTests.runScenario(AbstractTestNGCucumberTests.java:35)
	at java.base/jdk.internal.reflect.DirectMethodHandleAccessor.invoke(DirectMethodHandleAccessor.java:103)
	at java.base/java.lang.reflect.Method.invoke(Method.java:580)
	at org.testng.internal.invokers.MethodInvocationHelper.invokeMethod(MethodInvocationHelper.java:139)
	at org.testng.internal.invokers.TestInvoker.invokeMethod(TestInvoker.java:664)
	at org.testng.internal.invokers.TestInvoker.invokeTestMethod(TestInvoker.java:227)
	at org.testng.internal.invokers.TestMethodWithDataProviderMethodWorker.call(TestMethodWithDataProviderMethodWorker.java:80)
	at org.testng.internal.invokers.TestMethodWithDataProviderMethodWorker.call(TestMethodWithDataProviderMethodWorker.java:17)
	at java.base/java.util.concurrent.FutureTask.run(FutureTask.java:317)
	at java.base/java.util.concurrent.Executors$RunnableAdapter.call(Executors.java:572)
	at java.base/java.util.concurrent.FutureTask.run(FutureTask.java:317)
	at java.base/java.util.concurrent.ThreadPoolExecutor.runWorker(ThreadPoolExecutor.java:1144)
	at java.base/java.util.concurrent.ThreadPoolExecutor$Worker.run(ThreadPoolExecutor.java:642)
	at java.base/java.lang.Thread.run(Thread.java:1575)
]]></failure>
    <system-out><![CDATA[...
... TestNG 7.8.0 by Cédric Beust (cedric@beust.com)
...


@LoginFeature @LoginB
Scenario: Login to Orange HRM                       &amp#27;[90m# src/main/resources/Login2.feature:9&amp#27;[0m

@LoginFeature @Login
Scenario: Login to Orange HRM                       &amp#27;[90m# src/main/resources/Login.feature:9&amp#27;[0m

@LoginFeature @LoginA
Scenario: Login to Orange HRM                       &amp#27;[90m# src/main/resources/Login.feature:16&amp#27;[0m

Scenario: Verify dynamic table presence and content            &amp#27;[90m# src/main/resources/LAD5Fault.feature:6&amp#27;[0m
  &amp#27;[33mGiven &amp#27;[0m&amp#27;[33mI am on the dynamic table page&amp#27;[0m
  &amp#27;[36mWhen &amp#27;[0m&amp#27;[36mI check for the dynamic table&amp#27;[0m
  &amp#27;[36mThen &amp#27;[0m&amp#27;[36mthe dynamic table should be displayed&amp#27;[0m
  &amp#27;[36mAnd &amp#27;[0m&amp#27;[36mthe table should have at least 2 rows and 2 columns&amp#27;[0m
  &amp#27;[36mAnd &amp#27;[0m&amp#27;[36mthe table should contain the value "Alfreds Futterkiste"&amp#27;[0m
]]></system-out>
    <system-err><![CDATA[SLF4J: Failed to load class "org.slf4j.impl.StaticLoggerBinder".
SLF4J: Defaulting to no-operation (NOP) logger implementation
SLF4J: See http://www.slf4j.org/codes.html#StaticLoggerBinder for further details.
May 18, 2025 6:22:02 PM org.openqa.selenium.devtools.CdpVersionFinder findNearestMatch
WARNING: Unable to find an exact match for CDP version 136, returning the closest version; found: 133; Please update to a Selenium version that supports CDP version 136
May 18, 2025 6:22:02 PM org.openqa.selenium.devtools.CdpVersionFinder findNearestMatch
WARNING: Unable to find an exact match for CDP version 136, returning the closest version; found: 133; Please update to a Selenium version that supports CDP version 136
May 18, 2025 6:22:02 PM org.openqa.selenium.devtools.CdpVersionFinder findNearestMatch
WARNING: Unable to find an exact match for CDP version 136, returning the closest version; found: 133; Please update to a Selenium version that supports CDP version 136
May 18, 2025 6:22:02 PM org.openqa.selenium.devtools.CdpVersionFinder findNearestMatch
WARNING: Unable to find an exact match for CDP version 136, returning the closest version; found: 133; Please update to a Selenium version that supports CDP version 136
May 18, 2025 6:22:05 PM org.openqa.selenium.devtools.CdpVersionFinder findNearestMatch
WARNING: Unable to find an exact match for CDP version 136, returning the closest version; found: 133; Please update to a Selenium version that supports CDP version 136
May 18, 2025 6:22:05 PM org.openqa.selenium.devtools.CdpVersionFinder findNearestMatch
WARNING: Unable to find an exact match for CDP version 136, returning the closest version; found: 133; Please update to a Selenium version that supports CDP version 136
May 18, 2025 6:22:05 PM org.openqa.selenium.devtools.CdpVersionFinder findNearestMatch
WARNING: Unable to find an exact match for CDP version 136, returning the closest version; found: 133; Please update to a Selenium version that supports CDP version 136
May 18, 2025 6:22:05 PM org.openqa.selenium.devtools.CdpVersionFinder findNearestMatch
WARNING: Unable to find an exact match for CDP version 136, returning the closest version; found: 133; Please update to a Selenium version that supports CDP version 136
]]></system-err>
  </testcase>
  <testcase name="runScenario[&quot;Login to Orange HRM&quot;, &quot;Login page validations&quot;](2)" classname="com.ist.testrunner.CucumberRunnerTest" time="4.807">
    <failure message="Navigation to dashboard failed expected [https://opensource-demo.orangehrmlive.com/web/index.php/dashboard/index] but found [https://opensource-demo.orangehrmlive.com/web/index.php/auth/login]" type="java.lang.AssertionError"><![CDATA[java.lang.AssertionError: Navigation to dashboard failed expected [https://opensource-demo.orangehrmlive.com/web/index.php/dashboard/index] but found [https://opensource-demo.orangehrmlive.com/web/index.php/auth/login]
	at org.testng.Assert.fail(Assert.java:111)
	at org.testng.Assert.failNotEquals(Assert.java:1578)
	at org.testng.Assert.assertEqualsImpl(Assert.java:150)
	at org.testng.Assert.assertEquals(Assert.java:132)
	at org.testng.Assert.assertEquals(Assert.java:656)
	at com.ist.stepdef.LoginStepDef.userShouldNavigateToOrangeHrmHomePage(LoginStepDef.java:76)
	at ✽.User should navigate to Orange HRM home page(file:///C:/Users/imsan/OneDrive/Documents/Test_Ws/istsel2/src/main/resources/Login.feature:20)
]]></failure>
    <system-out><![CDATA[
@LoginFeature @LoginC
Scenario: Login to Orange HRM                       &amp#27;[90m# src/main/resources/Login2.feature:16&amp#27;[0m
  &amp#27;[32mGiven &amp#27;[0m&amp#27;[32mUser is on login page&amp#27;[0m                       &amp#27;[90m# com.ist.stepdef.LoginStepDef.userIsOnLoginPage()&amp#27;[0m
  &amp#27;[32mGiven &amp#27;[0m&amp#27;[32mUser is on login page&amp#27;[0m                       &amp#27;[90m# com.ist.stepdef.LoginStepDef.userIsOnLoginPage()&amp#27;[0m
  &amp#27;[32mGiven &amp#27;[0m&amp#27;[32mUser is on login page&amp#27;[0m                       &amp#27;[90m# com.ist.stepdef.LoginStepDef.userIsOnLoginPage()&amp#27;[0m
  &amp#27;[32mWhen &amp#27;[0m&amp#27;[32mUser enters username &amp#27;[0m&amp#27;[32m&amp#27;[1m"Admin"&amp#27;[0m                 &amp#27;[90m# com.ist.stepdef.LoginStepDef.userEntersUsername(java.lang.String)&amp#27;[0m
  &amp#27;[32mWhen &amp#27;[0m&amp#27;[32mUser enters username &amp#27;[0m&amp#27;[32m&amp#27;[1m"A"&amp#27;[0m                     &amp#27;[90m# com.ist.stepdef.LoginStepDef.userEntersUsername(java.lang.String)&amp#27;[0m
  &amp#27;[32mWhen &amp#27;[0m&amp#27;[32mUser enters username &amp#27;[0m&amp#27;[32m&amp#27;[1m"Admin"&amp#27;[0m                 &amp#27;[90m# com.ist.stepdef.LoginStepDef.userEntersUsername(java.lang.String)&amp#27;[0m
  &amp#27;[32mAnd &amp#27;[0m&amp#27;[32mUser enters password &amp#27;[0m&amp#27;[32m&amp#27;[1m"A"&amp#27;[0m                      &amp#27;[90m# com.ist.stepdef.LoginStepDef.userEntersPassword(java.lang.String)&amp#27;[0m
  &amp#27;[32mAnd &amp#27;[0m&amp#27;[32mUser enters password &amp#27;[0m&amp#27;[32m&amp#27;[1m"admin123"&amp#27;[0m               &amp#27;[90m# com.ist.stepdef.LoginStepDef.userEntersPassword(java.lang.String)&amp#27;[0m
  &amp#27;[32mAnd &amp#27;[0m&amp#27;[32mUser enters password &amp#27;[0m&amp#27;[32m&amp#27;[1m"admin123"&amp#27;[0m               &amp#27;[90m# com.ist.stepdef.LoginStepDef.userEntersPassword(java.lang.String)&amp#27;[0m
  &amp#27;[32mAnd &amp#27;[0m&amp#27;[32mUser clicks on Login button&amp#27;[0m                   &amp#27;[90m# com.ist.stepdef.LoginStepDef.userClicksOnLoginButton()&amp#27;[0m
  &amp#27;[32mAnd &amp#27;[0m&amp#27;[32mUser clicks on Login button&amp#27;[0m                   &amp#27;[90m# com.ist.stepdef.LoginStepDef.userClicksOnLoginButton()&amp#27;[0m
  &amp#27;[31mThen &amp#27;[0m&amp#27;[31mUser should navigate to Orange HRM home page&amp#27;[0m &amp#27;[90m# com.ist.stepdef.LoginStepDef.userShouldNavigateToOrangeHrmHomePage()&amp#27;[0m
      &amp#27;[31mjava.lang.AssertionError: Navigation to dashboard failed expected [https://opensource-demo.orangehrmlive.com/web/index.php/dashboard/index] but found [https://opensource-demo.orangehrmlive.com/web/index.php/auth/login]
	at org.testng.Assert.fail(Assert.java:111)
	at org.testng.Assert.failNotEquals(Assert.java:1578)
	at org.testng.Assert.assertEqualsImpl(Assert.java:150)
	at org.testng.Assert.assertEquals(Assert.java:132)
	at org.testng.Assert.assertEquals(Assert.java:656)
	at com.ist.stepdef.LoginStepDef.userShouldNavigateToOrangeHrmHomePage(LoginStepDef.java:76)
	at ✽.User should navigate to Orange HRM home page(file:///C:/Users/imsan/OneDrive/Documents/Test_Ws/istsel2/src/main/resources/Login.feature:20)
&amp#27;[0m
  &amp#27;[32mThen &amp#27;[0m&amp#27;[32mUser should navigate to Orange HRM home page&amp#27;[0m &amp#27;[90m# com.ist.stepdef.LoginStepDef.userShouldNavigateToOrangeHrmHomePage()&amp#27;[0m
  &amp#27;[32mAnd &amp#27;[0m&amp#27;[32mUser clicks on Login button&amp#27;[0m                   &amp#27;[90m# com.ist.stepdef.LoginStepDef.userClicksOnLoginButton()&amp#27;[0m
]]></system-out>
    <system-err><![CDATA[May 18, 2025 6:22:07 PM org.openqa.selenium.devtools.CdpVersionFinder findNearestMatch
WARNING: Unable to find an exact match for CDP version 136, returning the closest version; found: 133; Please update to a Selenium version that supports CDP version 136
May 18, 2025 6:22:08 PM org.openqa.selenium.devtools.CdpVersionFinder findNearestMatch
WARNING: Unable to find an exact match for CDP version 136, returning the closest version; found: 133; Please update to a Selenium version that supports CDP version 136
]]></system-err>
  </testcase>
  <testcase name="runScenario[&quot;Login to Orange HRM&quot;, &quot;Login page validations&quot;](3)" classname="com.ist.testrunner.CucumberRunnerTest" time="0.455">
    <system-out><![CDATA[
@LoginFeature @Login1
Scenario: Login to Orange HRM                       &amp#27;[90m# src/main/resources/Login3.feature:9&amp#27;[0m
  &amp#27;[32mThen &amp#27;[0m&amp#27;[32mUser should navigate to Orange HRM home page&amp#27;[0m &amp#27;[90m# com.ist.stepdef.LoginStepDef.userShouldNavigateToOrangeHrmHomePage()&amp#27;[0m
]]></system-out>
  </testcase>
  <testcase name="runScenario[&quot;Login to Orange HRM&quot;, &quot;Login page validations&quot;](4)" classname="com.ist.testrunner.CucumberRunnerTest" time="0.078">
    <system-out><![CDATA[
@LoginFeature @Login2
Scenario: Login to Orange HRM                       &amp#27;[90m# src/main/resources/Login3.feature:16&amp#27;[0m
]]></system-out>
  </testcase>
  <testcase name="runScenario[&quot;Login to Orange HRM&quot;, &quot;Login page validations&quot;](5)" classname="com.ist.testrunner.CucumberRunnerTest" time="4.806">
    <failure message="Navigation to dashboard failed expected [https://opensource-demo.orangehrmlive.com/web/index.php/dashboard/index] but found [https://opensource-demo.orangehrmlive.com/web/index.php/auth/login]" type="java.lang.AssertionError"><![CDATA[java.lang.AssertionError: Navigation to dashboard failed expected [https://opensource-demo.orangehrmlive.com/web/index.php/dashboard/index] but found [https://opensource-demo.orangehrmlive.com/web/index.php/auth/login]
	at org.testng.Assert.fail(Assert.java:111)
	at org.testng.Assert.failNotEquals(Assert.java:1578)
	at org.testng.Assert.assertEqualsImpl(Assert.java:150)
	at org.testng.Assert.assertEquals(Assert.java:132)
	at org.testng.Assert.assertEquals(Assert.java:656)
	at com.ist.stepdef.LoginStepDef.userShouldNavigateToOrangeHrmHomePage(LoginStepDef.java:76)
	at ✽.User should navigate to Orange HRM home page(file:///C:/Users/imsan/OneDrive/Documents/Test_Ws/istsel2/src/main/resources/Login2.feature:20)
]]></failure>
    <system-out><![CDATA[
@LoginFeature @Login2
Scenario: Login to Orange HRM                       &amp#27;[90m# src/main/resources/Login4.feature:9&amp#27;[0m
  &amp#27;[32mGiven &amp#27;[0m&amp#27;[32mUser is on login page&amp#27;[0m                       &amp#27;[90m# com.ist.stepdef.LoginStepDef.userIsOnLoginPage()&amp#27;[0m
  &amp#27;[32mWhen &amp#27;[0m&amp#27;[32mUser enters username &amp#27;[0m&amp#27;[32m&amp#27;[1m"B"&amp#27;[0m                     &amp#27;[90m# com.ist.stepdef.LoginStepDef.userEntersUsername(java.lang.String)&amp#27;[0m
  &amp#27;[32mAnd &amp#27;[0m&amp#27;[32mUser enters password &amp#27;[0m&amp#27;[32m&amp#27;[1m"B"&amp#27;[0m                      &amp#27;[90m# com.ist.stepdef.LoginStepDef.userEntersPassword(java.lang.String)&amp#27;[0m
  &amp#27;[32mAnd &amp#27;[0m&amp#27;[32mUser clicks on Login button&amp#27;[0m                   &amp#27;[90m# com.ist.stepdef.LoginStepDef.userClicksOnLoginButton()&amp#27;[0m
  &amp#27;[31mThen &amp#27;[0m&amp#27;[31mUser should navigate to Orange HRM home page&amp#27;[0m &amp#27;[90m# com.ist.stepdef.LoginStepDef.userShouldNavigateToOrangeHrmHomePage()&amp#27;[0m
      &amp#27;[31mjava.lang.AssertionError: Navigation to dashboard failed expected [https://opensource-demo.orangehrmlive.com/web/index.php/dashboard/index] but found [https://opensource-demo.orangehrmlive.com/web/index.php/auth/login]
	at org.testng.Assert.fail(Assert.java:111)
	at org.testng.Assert.failNotEquals(Assert.java:1578)
	at org.testng.Assert.assertEqualsImpl(Assert.java:150)
	at org.testng.Assert.assertEquals(Assert.java:132)
	at org.testng.Assert.assertEquals(Assert.java:656)
	at com.ist.stepdef.LoginStepDef.userShouldNavigateToOrangeHrmHomePage(LoginStepDef.java:76)
	at ✽.User should navigate to Orange HRM home page(file:///C:/Users/imsan/OneDrive/Documents/Test_Ws/istsel2/src/main/resources/Login2.feature:20)
&amp#27;[0m
]]></system-out>
    <system-err><![CDATA[May 18, 2025 6:22:12 PM org.openqa.selenium.devtools.CdpVersionFinder findNearestMatch
WARNING: Unable to find an exact match for CDP version 136, returning the closest version; found: 133; Please update to a Selenium version that supports CDP version 136
May 18, 2025 6:22:13 PM org.openqa.selenium.devtools.CdpVersionFinder findNearestMatch
WARNING: Unable to find an exact match for CDP version 136, returning the closest version; found: 133; Please update to a Selenium version that supports CDP version 136
May 18, 2025 6:22:13 PM org.openqa.selenium.devtools.CdpVersionFinder findNearestMatch
WARNING: Unable to find an exact match for CDP version 136, returning the closest version; found: 133; Please update to a Selenium version that supports CDP version 136
May 18, 2025 6:22:14 PM org.openqa.selenium.devtools.CdpVersionFinder findNearestMatch
WARNING: Unable to find an exact match for CDP version 136, returning the closest version; found: 133; Please update to a Selenium version that supports CDP version 136
May 18, 2025 6:22:15 PM org.openqa.selenium.devtools.CdpVersionFinder findNearestMatch
WARNING: Unable to find an exact match for CDP version 136, returning the closest version; found: 133; Please update to a Selenium version that supports CDP version 136
May 18, 2025 6:22:15 PM org.openqa.selenium.devtools.CdpVersionFinder findNearestMatch
WARNING: Unable to find an exact match for CDP version 136, returning the closest version; found: 133; Please update to a Selenium version that supports CDP version 136
]]></system-err>
  </testcase>
  <testcase name="runScenario[&quot;Login to Orange HRM&quot;, &quot;Login page validations&quot;](6)" classname="com.ist.testrunner.CucumberRunnerTest" time="4.098">
    <failure message="Navigation to dashboard failed expected [https://opensource-demo.orangehrmlive.com/web/index.php/dashboard/index] but found [https://opensource-demo.orangehrmlive.com/web/index.php/auth/login]" type="java.lang.AssertionError"><![CDATA[java.lang.AssertionError: Navigation to dashboard failed expected [https://opensource-demo.orangehrmlive.com/web/index.php/dashboard/index] but found [https://opensource-demo.orangehrmlive.com/web/index.php/auth/login]
	at org.testng.Assert.fail(Assert.java:111)
	at org.testng.Assert.failNotEquals(Assert.java:1578)
	at org.testng.Assert.assertEqualsImpl(Assert.java:150)
	at org.testng.Assert.assertEquals(Assert.java:132)
	at org.testng.Assert.assertEquals(Assert.java:656)
	at com.ist.stepdef.LoginStepDef.userShouldNavigateToOrangeHrmHomePage(LoginStepDef.java:76)
	at ✽.User should navigate to Orange HRM home page(file:///C:/Users/imsan/OneDrive/Documents/Test_Ws/istsel2/src/main/resources/Login3.feature:20)
]]></failure>
    <system-out><![CDATA[
@LoginFeature @Login4
Scenario: Login to Orange HRM                       &amp#27;[90m# src/main/resources/Login4.feature:16&amp#27;[0m
  &amp#27;[32mGiven &amp#27;[0m&amp#27;[32mUser is on login page&amp#27;[0m                       &amp#27;[90m# com.ist.stepdef.LoginStepDef.userIsOnLoginPage()&amp#27;[0m
  &amp#27;[32mWhen &amp#27;[0m&amp#27;[32mUser enters username &amp#27;[0m&amp#27;[32m&amp#27;[1m"Admin"&amp#27;[0m                 &amp#27;[90m# com.ist.stepdef.LoginStepDef.userEntersUsername(java.lang.String)&amp#27;[0m
  &amp#27;[32mAnd &amp#27;[0m&amp#27;[32mUser enters password &amp#27;[0m&amp#27;[32m&amp#27;[1m"admin123"&amp#27;[0m               &amp#27;[90m# com.ist.stepdef.LoginStepDef.userEntersPassword(java.lang.String)&amp#27;[0m
  &amp#27;[32mGiven &amp#27;[0m&amp#27;[32mUser is on login page&amp#27;[0m                       &amp#27;[90m# com.ist.stepdef.LoginStepDef.userIsOnLoginPage()&amp#27;[0m
  &amp#27;[32mAnd &amp#27;[0m&amp#27;[32mUser clicks on Login button&amp#27;[0m                   &amp#27;[90m# com.ist.stepdef.LoginStepDef.userClicksOnLoginButton()&amp#27;[0m
  &amp#27;[32mWhen &amp#27;[0m&amp#27;[32mUser enters username &amp#27;[0m&amp#27;[32m&amp#27;[1m"1"&amp#27;[0m                     &amp#27;[90m# com.ist.stepdef.LoginStepDef.userEntersUsername(java.lang.String)&amp#27;[0m
  &amp#27;[32mAnd &amp#27;[0m&amp#27;[32mUser enters password &amp#27;[0m&amp#27;[32m&amp#27;[1m"1"&amp#27;[0m                      &amp#27;[90m# com.ist.stepdef.LoginStepDef.userEntersPassword(java.lang.String)&amp#27;[0m
  &amp#27;[32mAnd &amp#27;[0m&amp#27;[32mUser clicks on Login button&amp#27;[0m                   &amp#27;[90m# com.ist.stepdef.LoginStepDef.userClicksOnLoginButton()&amp#27;[0m
  &amp#27;[32mGiven &amp#27;[0m&amp#27;[32mUser is on login page&amp#27;[0m                       &amp#27;[90m# com.ist.stepdef.LoginStepDef.userIsOnLoginPage()&amp#27;[0m
  &amp#27;[31mThen &amp#27;[0m&amp#27;[31mUser should navigate to Orange HRM home page&amp#27;[0m &amp#27;[90m# com.ist.stepdef.LoginStepDef.userShouldNavigateToOrangeHrmHomePage()&amp#27;[0m
      &amp#27;[31mjava.lang.AssertionError: Navigation to dashboard failed expected [https://opensource-demo.orangehrmlive.com/web/index.php/dashboard/index] but found [https://opensource-demo.orangehrmlive.com/web/index.php/auth/login]
	at org.testng.Assert.fail(Assert.java:111)
	at org.testng.Assert.failNotEquals(Assert.java:1578)
	at org.testng.Assert.assertEqualsImpl(Assert.java:150)
	at org.testng.Assert.assertEquals(Assert.java:132)
	at org.testng.Assert.assertEquals(Assert.java:656)
	at com.ist.stepdef.LoginStepDef.userShouldNavigateToOrangeHrmHomePage(LoginStepDef.java:76)
	at ✽.User should navigate to Orange HRM home page(file:///C:/Users/imsan/OneDrive/Documents/Test_Ws/istsel2/src/main/resources/Login3.feature:20)
&amp#27;[0m
  &amp#27;[32mWhen &amp#27;[0m&amp#27;[32mUser enters username &amp#27;[0m&amp#27;[32m&amp#27;[1m"Admin"&amp#27;[0m                 &amp#27;[90m# com.ist.stepdef.LoginStepDef.userEntersUsername(java.lang.String)&amp#27;[0m
  &amp#27;[32mAnd &amp#27;[0m&amp#27;[32mUser enters password &amp#27;[0m&amp#27;[32m&amp#27;[1m"admin123"&amp#27;[0m               &amp#27;[90m# com.ist.stepdef.LoginStepDef.userEntersPassword(java.lang.String)&amp#27;[0m
  &amp#27;[32mThen &amp#27;[0m&amp#27;[32mUser should navigate to Orange HRM home page&amp#27;[0m &amp#27;[90m# com.ist.stepdef.LoginStepDef.userShouldNavigateToOrangeHrmHomePage()&amp#27;[0m
]]></system-out>
    <system-err><![CDATA[May 18, 2025 6:22:17 PM org.openqa.selenium.devtools.CdpVersionFinder findNearestMatch
WARNING: Unable to find an exact match for CDP version 136, returning the closest version; found: 133; Please update to a Selenium version that supports CDP version 136
May 18, 2025 6:22:18 PM org.openqa.selenium.devtools.CdpVersionFinder findNearestMatch
WARNING: Unable to find an exact match for CDP version 136, returning the closest version; found: 133; Please update to a Selenium version that supports CDP version 136
]]></system-err>
  </testcase>
  <testcase name="runScenario[&quot;Login to Orange HRM&quot;, &quot;Login page validations&quot;](7)" classname="com.ist.testrunner.CucumberRunnerTest" time="4.514"/>
  <testcase name="runScenario[&quot;Login to Orange HRM&quot;, &quot;Login page validations&quot;](8)" classname="com.ist.testrunner.CucumberRunnerTest" time="5.652">
    <system-out><![CDATA[  &amp#27;[32mAnd &amp#27;[0m&amp#27;[32mUser clicks on Login button&amp#27;[0m                   &amp#27;[90m# com.ist.stepdef.LoginStepDef.userClicksOnLoginButton()&amp#27;[0m
  &amp#27;[32mThen &amp#27;[0m&amp#27;[32mUser should navigate to Orange HRM home page&amp#27;[0m &amp#27;[90m# com.ist.stepdef.LoginStepDef.userShouldNavigateToOrangeHrmHomePage()&amp#27;[0m
]]></system-out>
  </testcase>
  <testcase name="runScenario[&quot;Login to Orange HRM&quot;, &quot;Login page validations&quot;](9)" classname="com.ist.testrunner.CucumberRunnerTest" time="7.187">
    <failure message="Navigation to dashboard failed expected [https://opensource-demo.orangehrmlive.com/web/index.php/dashboard/index] but found [https://opensource-demo.orangehrmlive.com/web/index.php/auth/login]" type="java.lang.AssertionError"><![CDATA[java.lang.AssertionError: Navigation to dashboard failed expected [https://opensource-demo.orangehrmlive.com/web/index.php/dashboard/index] but found [https://opensource-demo.orangehrmlive.com/web/index.php/auth/login]
	at org.testng.Assert.fail(Assert.java:111)
	at org.testng.Assert.failNotEquals(Assert.java:1578)
	at org.testng.Assert.assertEqualsImpl(Assert.java:150)
	at org.testng.Assert.assertEquals(Assert.java:132)
	at org.testng.Assert.assertEquals(Assert.java:656)
	at com.ist.stepdef.LoginStepDef.userShouldNavigateToOrangeHrmHomePage(LoginStepDef.java:76)
	at ✽.User should navigate to Orange HRM home page(file:///C:/Users/imsan/OneDrive/Documents/Test_Ws/istsel2/src/main/resources/Login4.feature:20)
]]></failure>
    <system-out><![CDATA[  &amp#27;[32mGiven &amp#27;[0m&amp#27;[32mUser is on login page&amp#27;[0m                       &amp#27;[90m# com.ist.stepdef.LoginStepDef.userIsOnLoginPage()&amp#27;[0m
  &amp#27;[32mWhen &amp#27;[0m&amp#27;[32mUser enters username &amp#27;[0m&amp#27;[32m&amp#27;[1m"2"&amp#27;[0m                     &amp#27;[90m# com.ist.stepdef.LoginStepDef.userEntersUsername(java.lang.String)&amp#27;[0m
  &amp#27;[32mAnd &amp#27;[0m&amp#27;[32mUser enters password &amp#27;[0m&amp#27;[32m&amp#27;[1m"2"&amp#27;[0m                      &amp#27;[90m# com.ist.stepdef.LoginStepDef.userEntersPassword(java.lang.String)&amp#27;[0m
  &amp#27;[32mAnd &amp#27;[0m&amp#27;[32mUser clicks on Login button&amp#27;[0m                   &amp#27;[90m# com.ist.stepdef.LoginStepDef.userClicksOnLoginButton()&amp#27;[0m
  &amp#27;[31mThen &amp#27;[0m&amp#27;[31mUser should navigate to Orange HRM home page&amp#27;[0m &amp#27;[90m# com.ist.stepdef.LoginStepDef.userShouldNavigateToOrangeHrmHomePage()&amp#27;[0m
      &amp#27;[31mjava.lang.AssertionError: Navigation to dashboard failed expected [https://opensource-demo.orangehrmlive.com/web/index.php/dashboard/index] but found [https://opensource-demo.orangehrmlive.com/web/index.php/auth/login]
	at org.testng.Assert.fail(Assert.java:111)
	at org.testng.Assert.failNotEquals(Assert.java:1578)
	at org.testng.Assert.assertEqualsImpl(Assert.java:150)
	at org.testng.Assert.assertEquals(Assert.java:132)
	at org.testng.Assert.assertEquals(Assert.java:656)
	at com.ist.stepdef.LoginStepDef.userShouldNavigateToOrangeHrmHomePage(LoginStepDef.java:76)
	at ✽.User should navigate to Orange HRM home page(file:///C:/Users/imsan/OneDrive/Documents/Test_Ws/istsel2/src/main/resources/Login4.feature:20)
&amp#27;[0m
]]></system-out>
  </testcase>
</testsuite>